Determining if the pthread_create exist failed with the following output:
Change Dir: /home/csmajs/achad006/lab-07-factory-pattern-coolkidzz/CMakeFiles/CMakeTmp

Run Build Command(s):/opt/rh/devtoolset-6/root/usr/bin/gmake cmTC_f2433/fast 
/opt/rh/devtoolset-6/root/usr/bin/gmake -f CMakeFiles/cmTC_f2433.dir/build.make CMakeFiles/cmTC_f2433.dir/build
gmake[1]: Entering directory '/home/csmajs/achad006/lab-07-factory-pattern-coolkidzz/CMakeFiles/CMakeTmp'
Building C object CMakeFiles/cmTC_f2433.dir/CheckSymbolExists.c.o
/opt/rh/devtoolset-6/root/usr/bin/cc    -o CMakeFiles/cmTC_f2433.dir/CheckSymbolExists.c.o   -c /home/csmajs/achad006/lab-07-factory-pattern-coolkidzz/CMakeFiles/CMakeTmp/CheckSymbolExists.c
Linking C executable cmTC_f2433
/usr/bin/cmake3 -E cmake_link_script CMakeFiles/cmTC_f2433.dir/link.txt --verbose=1
/opt/rh/devtoolset-6/root/usr/bin/cc      -rdynamic CMakeFiles/cmTC_f2433.dir/CheckSymbolExists.c.o  -o cmTC_f2433 
CMakeFiles/cmTC_f2433.dir/CheckSymbolExists.c.o: In function `main':
CheckSymbolExists.c:(.text+0x16): undefined reference to `pthread_create'
collect2: error: ld returned 1 exit status
CMakeFiles/cmTC_f2433.dir/build.make:86: recipe for target 'cmTC_f2433' failed
gmake[1]: *** [cmTC_f2433] Error 1
gmake[1]: Leaving directory '/home/csmajs/achad006/lab-07-factory-pattern-coolkidzz/CMakeFiles/CMakeTmp'
Makefile:121: recipe for target 'cmTC_f2433/fast' failed
gmake: *** [cmTC_f2433/fast] Error 2

File /home/csmajs/achad006/lab-07-factory-pattern-coolkidzz/CMakeFiles/CMakeTmp/CheckSymbolExists.c:
/* */
#include <pthread.h>

int main(int argc, char** argv)
{
  (void)argv;
#ifndef pthread_create
  return ((int*)(&pthread_create))[argc];
#else
  (void)argc;
  return 0;
#endif
}

Determining if the function pthread_create exists in the pthreads failed with the following output:
Change Dir: /home/csmajs/achad006/lab-07-factory-pattern-coolkidzz/CMakeFiles/CMakeTmp

Run Build Command(s):/opt/rh/devtoolset-6/root/usr/bin/gmake cmTC_29e02/fast 
/opt/rh/devtoolset-6/root/usr/bin/gmake -f CMakeFiles/cmTC_29e02.dir/build.make CMakeFiles/cmTC_29e02.dir/build
gmake[1]: Entering directory '/home/csmajs/achad006/lab-07-factory-pattern-coolkidzz/CMakeFiles/CMakeTmp'
Building C object CMakeFiles/cmTC_29e02.dir/CheckFunctionExists.c.o
/opt/rh/devtoolset-6/root/usr/bin/cc   -DCHECK_FUNCTION_EXISTS=pthread_create   -o CMakeFiles/cmTC_29e02.dir/CheckFunctionExists.c.o   -c /usr/share/cmake3/Modules/CheckFunctionExists.c
Linking C executable cmTC_29e02
/usr/bin/cmake3 -E cmake_link_script CMakeFiles/cmTC_29e02.dir/link.txt --verbose=1
/opt/rh/devtoolset-6/root/usr/bin/cc  -DCHECK_FUNCTION_EXISTS=pthread_create    -rdynamic CMakeFiles/cmTC_29e02.dir/CheckFunctionExists.c.o  -o cmTC_29e02 -lpthreads 
/opt/rh/devtoolset-6/root/usr/libexec/gcc/x86_64-redhat-linux/6.3.1/ld: cannot find -lpthreads
collect2: error: ld returned 1 exit status
CMakeFiles/cmTC_29e02.dir/build.make:86: recipe for target 'cmTC_29e02' failed
gmake[1]: *** [cmTC_29e02] Error 1
gmake[1]: Leaving directory '/home/csmajs/achad006/lab-07-factory-pattern-coolkidzz/CMakeFiles/CMakeTmp'
Makefile:121: recipe for target 'cmTC_29e02/fast' failed
gmake: *** [cmTC_29e02/fast] Error 2


